[2J[01;01H[=3h[2J[01;01H[2J[01;01H[=3h[2J[01;01H[2J[01;01H[=3h[2J[01;01HBdsDxe: failed to load Boot0001 "UEFI QEMU HARDDISK QM00001 " from PciRoot(0x0)/Pci(0x1,0x1)/Ata(Primary,Master,0x0): Not Found
BdsDxe: loading Boot0002 "EFI Internal Shell" from Fv(7CB8BDC9-F8EB-4F34-AAEA-3EE4AF6516A1)/FvFile(7C04A583-9E3E-4F1C-AD65-E05268D0B4D1)
BdsDxe: starting Boot0002 "EFI Internal Shell" from Fv(7CB8BDC9-F8EB-4F34-AAEA-3EE4AF6516A1)/FvFile(7C04A583-9E3E-4F1C-AD65-E05268D0B4D1)
[2J[01;01H[01;01HUEFI Interactive Shell v2.2
EDK II
UEFI v2.70 (EDK II, 0x00010000)
[1m[33m[40mMapping table[0m[37m[40m
[1m[33m[40m      FS0:[0m[37m[40m [1m[37m[40mAlias(s):[0m[37m[40mHD0a1:;BLK1:
          PciRoot(0x0)/Pci(0x1,0x1)/Ata(0x0)/HD(1,GPT,98BADCFE-5476-1032-FEDC-BA9876543210,0x800,0x1F000)
[1m[33m[40m     BLK0:[0m[37m[40m [1m[37m[40mAlias(s):[0m[37m[40m
          PciRoot(0x0)/Pci(0x1,0x1)/Ata(0x0)
[1m[33m[40m     BLK2:[0m[37m[40m [1m[37m[40mAlias(s):[0m[37m[40m
          PciRoot(0x0)/Pci(0x1,0x1)/Ata(0x0)
[12;01HPress [1m[37m[40mESC[0m[37m[40m in 5 seconds to skip [1m[33m[40mstartup.nsh[0m[37m[40m or any other key to continue.[12;01HPress [1m[37m[40mESC[0m[37m[40m in 4 seconds to skip [1m[33m[40mstartup.nsh[0m[37m[40m or any other key to continue.[12;01HPress [1m[37m[40mESC[0m[37m[40m in 3 seconds to skip [1m[33m[40mstartup.nsh[0m[37m[40m or any other key to continue.[12;01HPress [1m[37m[40mESC[0m[37m[40m in 2 seconds to skip [1m[33m[40mstartup.nsh[0m[37m[40m or any other key to continue.[12;01HPress [1m[37m[40mESC[0m[37m[40m in 1 seconds to skip [1m[33m[40mstartup.nsh[0m[37m[40m or any other key to continue.
[13;01H[1m[33m[40mShell> [0m[37m[40m[13;08HF[13;09H[13;09HS[13;10H[13;10H0[13;11H[13;11H:[13;12H[13;12H\[13;13H[13;13HE[13;14H[13;14HF[13;15H[13;15HI[13;16H[13;16H\[13;17H[13;17HB[13;18H[13;18HO[13;19H[13;19HO[13;20H[13;20HT[13;21H[13;21H\[13;22H[13;22HB[13;23H[13;23HO[13;24H[13;24HO[13;25H[13;25HT[13;26H[13;26HX[13;27H[13;27H6[13;28H[13;28H4[13;29H[13;29H.[13;30H[13;30HE[13;31H[13;31HF[13;32H[13;32HI[13;33H[13;33H
Command Error Status: Unsupported
[15;01H[1m[33m[40mShell> [0m[37m[40m[15;08HF[15;09H[15;09HS[15;10H[15;10H0[15;11H[15;11H:[15;12H[15;12H\[15;13H[15;13HE[15;14H[15;14HF[15;15H[15;15HI[15;16H[15;16H\[15;17H[15;17HB[15;18H[15;18HO[15;19H[15;19HO[15;20H[15;20HT[15;21H[15;21H\[15;22H[15;22HB[15;23H[15;23HO[15;24H[15;24HO[15;25H[15;25HT[15;26H[15;26HX[15;27H[15;27H6[15;28H[15;28H4[15;29H[15;29H.[15;30H[15;30HE[15;31H[15;31HF[15;32H[15;32HI[15;33H[15;33H
Command Error Status: Unsupported
[17;01H[1m[33m[40mShell> [0m[37m[40m[17;08HF[17;09H[17;09HS[17;10H[17;10H0[17;11H[17;11H:[17;12H[17;12H
[18;01H[1m[33m[40mFS0:\> [0m[37m[40m[18;08H
[19;01H[1m[33m[40mFS0:\> [0m[37m[40m[19;08HF[19;09H[19;09HS[19;10H[19;10H0[19;11H[19;11H:[19;12H[19;12H\[19;13H[19;13HE[19;14H[19;14HF[19;15H[19;15HI[19;16H[19;16H\[19;17H[19;17HB[19;18H[19;18HO[19;19H[19;19HO[19;20H[19;20HT[19;21H[19;21H\[19;22H[19;22HB[19;23H[19;23HO[19;24H[19;24HO[19;25H[19;25HT[19;26H[19;26HX[19;27H[19;27H6[19;28H[19;28H4[19;29H[19;29H.[19;30H[19;30HE[19;31H[19;31HF[19;32H[19;32HI[19;33H[19;33H
Command Error Status: Unsupported
[21;01H[1m[33m[40mFS0:\> [0m[37m[40m[21;08Hc[21;09H[21;09Hd[21;10H[21;10H [21;11H[21;11HE[21;12H[21;12HF[21;13H[21;13HI[21;14H[21;14H\[21;15H[21;15HB[21;16H[21;16HO[21;17H[21;17HO[21;18H[21;18HT[21;19H[21;19H
[22;01H[1m[33m[40mFS0:\EFI\BOOT\> [0m[37m[40m[22;17HB[22;18H[22;18HO[22;19H[22;19HO[22;20H[22;20HT[22;21H[22;21HX[22;22H[22;22H6[22;23H[22;23H4[22;24H[22;24H.[22;25H[22;25HE[22;26H[22;26HF[22;27H[22;27HI[22;28H[22;28H
Command Error Status: Unsupported
[24;01H[1m[33m[40mFS0:\EFI\BOOT\> [0m[37m[40m